<?xml version="1.0" encoding="UTF-8"?>
<!-- Generated by org.testng.reporters.JUnitReportReporter -->
<testsuite skipped="0" hostname="LENOVO" name="assigment_.TripAdvisor_TestCase" tests="1" failures="0" timestamp="12 Feb 2020 15:12:14 GMT" time="41.456" errors="0">
  <testcase name="tripAdvisor" time="41.456" classname="assigment_.TripAdvisor_TestCase"/>
</testsuite> <!-- assigment_.TripAdvisor_TestCase -->
