<?xml version="1.0" encoding="UTF-8"?>
<!-- Generated by org.testng.reporters.JUnitReportReporter -->
<testsuite skipped="0" hostname="LENOVO" name="assigment_.AmzonAndFlipkart_TestCase" tests="1" failures="0" timestamp="12 Feb 2020 13:39:31 GMT" time="21.032" errors="0">
  <testcase name="flipkartAndAmazon" time="21.032" classname="assigment_.AmzonAndFlipkart_TestCase"/>
</testsuite> <!-- assigment_.AmzonAndFlipkart_TestCase -->
